<?xml version="1.0" encoding="UTF-8"?>
<!-- Generated by org.testng.reporters.JUnitReportReporter -->
<testsuite hostname="TEMS_D_WS200" failures="0" tests="1" name="PagePO.Test1" time="3.807" errors="0" timestamp="2020-03-04T12:58:58 IST" skipped="0">
  <testcase classname="PagePO.Test1" name="googlesearch" time="3.807"/>
</testsuite> <!-- PagePO.Test1 -->
